STAR version=2.7.7a
STAR compilation time,server,dir=Mon Dec 28 20:27:20 GMT 2020 :/Users/travis/build/alexdobin/travis-tests/STARcompile/source
##### Command Line:
/Users/jiabaoli/Documents/softwares/STAR-2.7.7a/bin/MacOSX_x86_64/STAR --runThreadN 12 --genomeSAindexNbases 11 --runMode genomeGenerate --genomeDir /Users/jiabaoli/Documents/softwares/STAR-2.7.7a/bin/MacOSX_x86_64/genome/chr21.starGeno.Ref/ --genomeFastaFiles /Users/jiabaoli/Documents/softwares/STAR-2.7.7a/bin/MacOSX_x86_64/genome/chr21.starGeno.Ref/chr21.hg38.fa --sjdbGTFfile /Users/jiabaoli/Documents/softwares/STAR-2.7.7a/bin/MacOSX_x86_64/genome/chr21.starGeno.Ref/chr21.hg38.gtf --sjdbOverhang 100
##### Initial USER parameters from Command Line:
###### All USER parameters from Command Line:
runThreadN                    12     ~RE-DEFINED
genomeSAindexNbases           11     ~RE-DEFINED
runMode                       genomeGenerate     ~RE-DEFINED
genomeDir                     /Users/jiabaoli/Documents/softwares/STAR-2.7.7a/bin/MacOSX_x86_64/genome/chr21.starGeno.Ref/     ~RE-DEFINED
genomeFastaFiles              /Users/jiabaoli/Documents/softwares/STAR-2.7.7a/bin/MacOSX_x86_64/genome/chr21.starGeno.Ref/chr21.hg38.fa        ~RE-DEFINED
sjdbGTFfile                   /Users/jiabaoli/Documents/softwares/STAR-2.7.7a/bin/MacOSX_x86_64/genome/chr21.starGeno.Ref/chr21.hg38.gtf     ~RE-DEFINED
sjdbOverhang                  100     ~RE-DEFINED
##### Finished reading parameters from all sources

##### Final user re-defined parameters-----------------:
runMode                           genomeGenerate
runThreadN                        12
genomeDir                         /Users/jiabaoli/Documents/softwares/STAR-2.7.7a/bin/MacOSX_x86_64/genome/chr21.starGeno.Ref/
genomeFastaFiles                  /Users/jiabaoli/Documents/softwares/STAR-2.7.7a/bin/MacOSX_x86_64/genome/chr21.starGeno.Ref/chr21.hg38.fa   
genomeSAindexNbases               11
sjdbGTFfile                       /Users/jiabaoli/Documents/softwares/STAR-2.7.7a/bin/MacOSX_x86_64/genome/chr21.starGeno.Ref/chr21.hg38.gtf
sjdbOverhang                      100

-------------------------------
##### Final effective command line:
/Users/jiabaoli/Documents/softwares/STAR-2.7.7a/bin/MacOSX_x86_64/STAR   --runMode genomeGenerate   --runThreadN 12   --genomeDir /Users/jiabaoli/Documents/softwares/STAR-2.7.7a/bin/MacOSX_x86_64/genome/chr21.starGeno.Ref/   --genomeFastaFiles /Users/jiabaoli/Documents/softwares/STAR-2.7.7a/bin/MacOSX_x86_64/genome/chr21.starGeno.Ref/chr21.hg38.fa      --genomeSAindexNbases 11   --sjdbGTFfile /Users/jiabaoli/Documents/softwares/STAR-2.7.7a/bin/MacOSX_x86_64/genome/chr21.starGeno.Ref/chr21.hg38.gtf   --sjdbOverhang 100
----------------------------------------

Number of fastq files for each mate = 1
Finished loading and checking parameters
--genomeDir directory exists and will be overwritten: /Users/jiabaoli/Documents/softwares/STAR-2.7.7a/bin/MacOSX_x86_64/genome/chr21.starGeno.Ref/
Feb 05 15:10:32 ... starting to generate Genome files
/Users/jiabaoli/Documents/softwares/STAR-2.7.7a/bin/MacOSX_x86_64/genome/chr21.starGeno.Ref/chr21.hg38.fa : chr # 0  "21" chrStart: 0
Chromosome sequence lengths: 
21	46709983
Genome sequence total length = 46709983
Genome size with padding = 46923776
Feb 05 15:10:33 ..... processing annotations GTF
Processing pGe.sjdbGTFfile=/Users/jiabaoli/Documents/softwares/STAR-2.7.7a/bin/MacOSX_x86_64/genome/chr21.starGeno.Ref/chr21.hg38.gtf, found:
		2427 transcripts
		13888 exons (non-collapsed)
		4179 collapsed junctions
Total junctions: 4179
Feb 05 15:10:33 ..... finished GTF processing

Estimated genome size with padding and SJs: total=genome+SJ=247923776 = 46923776 + 201000000
GstrandBit=32
Number of SA indices: 80177238
Feb 05 15:10:33 ... starting to sort Suffix Array. This may take a long time...
Number of chunks: 12;   chunks size limit: 58310712 bytes
Feb 05 15:10:33 ... sorting Suffix Array chunks and saving them to disk...
Writing 19683248 bytes into /Users/jiabaoli/Documents/softwares/STAR-2.7.7a/bin/MacOSX_x86_64/genome/chr21.starGeno.Ref//SA_11 ; empty space on disk = 52849667997696 bytes ... done
Writing 54535168 bytes into /Users/jiabaoli/Documents/softwares/STAR-2.7.7a/bin/MacOSX_x86_64/genome/chr21.starGeno.Ref//SA_0 ; empty space on disk = 52844893831168 bytes ... done
Writing 55527952 bytes into /Users/jiabaoli/Documents/softwares/STAR-2.7.7a/bin/MacOSX_x86_64/genome/chr21.starGeno.Ref//SA_1 ; empty space on disk = 52830932041728 bytes ... done
Writing 55510144 bytes into /Users/jiabaoli/Documents/softwares/STAR-2.7.7a/bin/MacOSX_x86_64/genome/chr21.starGeno.Ref//SA_7 ; empty space on disk = 52816716496896 bytes ... done
Writing 56478960 bytes into /Users/jiabaoli/Documents/softwares/STAR-2.7.7a/bin/MacOSX_x86_64/genome/chr21.starGeno.Ref//SA_6 ; empty space on disk = 52802505146368 bytes ...Writing 56647240 bytes into /Users/jiabaoli/Documents/softwares/STAR-2.7.7a/bin/MacOSX_x86_64/genome/chr21.starGeno.Ref//SA_10 ; empty space on disk = 52793774702592 bytes ...Writing 57143944 bytes into /Users/jiabaoli/Documents/softwares/STAR-2.7.7a/bin/MacOSX_x86_64/genome/chr21.starGeno.Ref//SA_2 ; empty space on disk = 52791593664512 bytes ...Writing 57040520 bytes into /Users/jiabaoli/Documents/softwares/STAR-2.7.7a/bin/MacOSX_x86_64/genome/chr21.starGeno.Ref//SA_8 ; empty space on disk = 52785050550272 bytes ...Writing 56044944 bytes into /Users/jiabaoli/Documents/softwares/STAR-2.7.7a/bin/MacOSX_x86_64/genome/chr21.starGeno.Ref//SA_9 ; empty space on disk = 52785050550272 bytes ...Writing 57245368 bytes into /Users/jiabaoli/Documents/softwares/STAR-2.7.7a/bin/MacOSX_x86_64/genome/chr21.starGeno.Ref//SA_3 ; empty space on disk = 52771897212928 bytes ...Writing 57689832 bytes into /Users/jiabaoli/Documents/softwares/STAR-2.7.7a/bin/MacOSX_x86_64/genome/chr21.starGeno.Ref//SA_4 ; empty space on disk = 52767539331072 bytes ... done
Writing 57870584 bytes into /Users/jiabaoli/Documents/softwares/STAR-2.7.7a/bin/MacOSX_x86_64/genome/chr21.starGeno.Ref//SA_5 ; empty space on disk = 52750862778368 bytes ... done
 done
 done
 done
 done
 done
 done
Feb 05 15:10:51 ... loading chunks from disk, packing SA...
Feb 05 15:10:51 ... finished generating suffix array
Feb 05 15:10:51 ... generating Suffix Array index
Feb 05 15:10:54 ... completed Suffix Array index
Feb 05 15:10:54   Finished preparing junctions
Feb 05 15:10:54 ..... inserting junctions into the genome indices
Feb 05 15:10:54   Finished SA search: number of new junctions=4179, old junctions=0
Feb 05 15:10:55   Finished sorting SA indicesL nInd=1671600
Genome size with junctions=47763755  46923776   839979
GstrandBit1=32   GstrandBit=32
Feb 05 15:10:55   Finished inserting junction indices
Feb 05 15:10:55   Finished SAi
Feb 05 15:10:55 ..... finished inserting junctions into genome
Feb 05 15:10:55 ... writing Genome to disk ...
Writing 47763755 bytes into /Users/jiabaoli/Documents/softwares/STAR-2.7.7a/bin/MacOSX_x86_64/genome/chr21.starGeno.Ref//Genome ; empty space on disk = 52849852547072 bytes ... done
SA size in bytes: 337626460
Feb 05 15:10:55 ... writing Suffix Array to disk ...
Writing 337626460 bytes into /Users/jiabaoli/Documents/softwares/STAR-2.7.7a/bin/MacOSX_x86_64/genome/chr21.starGeno.Ref//SA ; empty space on disk = 52837624053760 bytes ... done
Feb 05 15:10:56 ... writing SAindex to disk
Writing 8 bytes into /Users/jiabaoli/Documents/softwares/STAR-2.7.7a/bin/MacOSX_x86_64/genome/chr21.starGeno.Ref//SAindex ; empty space on disk = 52751190982656 bytes ... done
Writing 96 bytes into /Users/jiabaoli/Documents/softwares/STAR-2.7.7a/bin/MacOSX_x86_64/genome/chr21.starGeno.Ref//SAindex ; empty space on disk = 52751190982656 bytes ... done
Writing 24466771 bytes into /Users/jiabaoli/Documents/softwares/STAR-2.7.7a/bin/MacOSX_x86_64/genome/chr21.starGeno.Ref//SAindex ; empty space on disk = 52751190982656 bytes ... done
Feb 05 15:10:57 ..... finished successfully
DONE: Genome generation, EXITING
